just_ahead	2	0-0	
going_up	2	0-1
reverse_stack	2	0-2
sideways	2	0-3
push_the_button	3	0-4
again		3	0-5
glass_cage	4	0-6
recovery	5	0-7
run 		6	0-8
all_together	7	0-9
round_we_go	4	1-0
push_around	5	1-1
doodle		6	1-2
modern_art	7	1-3
sidestep	5	1-4
sokobany	7	1-5
3_18		2	1-6
going_down	3	1-7
timing_timing	6	1-8
filler		5	1-9
don_t_panic	1	2-1
bridge_building	4	2-0
the_spiral_race	3	2-2
cascade		2	2-3
symmetry	7	2-4
step_by_step	2	2-5
the_maze	5	2-6
hit_n_run	4	2-7
make_a_way	3	2-8
fall_down	7	2-9
okay_now_panic	1	3-0
riding_the_wave	6	3-1
warehouse	4	3-2
the_device	7	3-3
tipped		4	3-4
just_go		6	3-5
descent		3	3-6
perspective	2	3-7
whirlwind	5	3-8
ascension	7	3-9
